2020-08-03 11:34:35 [scrapy] DEBUG: Crawled (200) <GET https://store.steampowered.com/robots.txt> (referer: None)
2020-08-03 11:34:36 [scrapy] DEBUG: Crawled (200) <GET https://store.steampowered.com/search/results/?query&start=50&count=50&dynamic_data=&sort_by=_ASC&snr=1_7_7_topsellers_7&filter=topsellers&infinite=1> (referer: None)
2020-08-03 11:34:36 [scrapy] DEBUG: Scraped from <200 https://store.steampowered.com/search/results/?query&start=50&count=50&dynamic_data=&sort_by=_ASC&snr=1_7_7_topsellers_7&filter=topsellers&infinite=1>
{'discounted_price': 'None',
 'game_name': 'Stardew Valley',
 'game_url': 'https://store.steampowered.com/app/413150/Stardew_Valley/?snr=1_7_7_topsellers_150_2',
 'img_url': 'https://steamcdn-a.akamaihd.net/steam/apps/413150/capsule_sm_120.jpg?t=1595525376',
 'original_price': '$6.99',
 'platforms': ['platform_img win', 'platform_img mac', 'platform_img linux'],
 'release_date': '26 Feb, 2016',
 'review': 'Overwhelmingly Positive97% of the 217,946 user reviews for this '
           'game are positive.'}
2020-08-03 11:34:36 [scrapy] DEBUG: Scraped from <200 https://store.steampowered.com/search/results/?query&start=50&count=50&dynamic_data=&sort_by=_ASC&snr=1_7_7_topsellers_7&filter=topsellers&infinite=1>
{'discounted_price': 'None',
 'game_name': 'Half-Life: Alyx',
 'game_url': 'https://store.steampowered.com/app/546560/HalfLife_Alyx/?snr=1_7_7_topsellers_150_2',
 'img_url': 'https://steamcdn-a.akamaihd.net/steam/apps/546560/capsule_sm_120.jpg?t=1594314571',
 'original_price': '$19.99',
 'platforms': ['platform_img win', 'vr_required'],
 'release_date': '23 Mar, 2020',
 'review': 'Overwhelmingly Positive98% of the 30,429 user reviews for this '
           'game are positive.'}
2020-08-03 11:34:36 [scrapy] DEBUG: Scraped from <200 https://store.steampowered.com/search/results/?query&start=50&count=50&dynamic_data=&sort_by=_ASC&snr=1_7_7_topsellers_7&filter=topsellers&infinite=1>
{'discounted_price': 'None',
 'game_name': 'Destiny 2: Upgrade Edition',
 'game_url': 'https://store.steampowered.com/sub/416694/?snr=1_7_7_topsellers_150_2',
 'img_url': 'https://steamcdn-a.akamaihd.net/steam/subs/416694/capsule_sm_120.jpg?t=1585797155',
 'original_price': '$15.99',
 'platforms': ['platform_img win'],
 'release_date': '10 Dec, 2019',
 'review': 'Mixed54% of the 3,476 user reviews for games in this bundle are '
           'positive.'}
2020-08-03 11:34:36 [scrapy] DEBUG: Scraped from <200 https://store.steampowered.com/search/results/?query&start=50&count=50&dynamic_data=&sort_by=_ASC&snr=1_7_7_topsellers_7&filter=topsellers&infinite=1>
{'discounted_price': 'None',
 'game_name': 'CS:GO Prime Status Upgrade',
 'game_url': 'https://store.steampowered.com/sub/54029/?snr=1_7_7_topsellers_150_2',
 'img_url': 'https://steamcdn-a.akamaihd.net/steam/subs/54029/capsule_sm_120.jpg?t=1544227353',
 'original_price': '$14.99',
 'platforms': ['platform_img win', 'platform_img mac', 'platform_img linux'],
 'release_date': '21 Aug, 2012',
 'review': 'Very Positive87% of the 4,630,100 user reviews for games in this '
           'bundle are positive.'}
2020-08-03 11:34:36 [scrapy] DEBUG: Scraped from <200 https://store.steampowered.com/search/results/?query&start=50&count=50&dynamic_data=&sort_by=_ASC&snr=1_7_7_topsellers_7&filter=topsellers&infinite=1>
{'discounted_price': 'None',
 'game_name': 'Mount & Blade II: Bannerlord',
 'game_url': 'https://store.steampowered.com/app/261550/Mount__Blade_II_Bannerlord/?snr=1_7_7_topsellers_150_2',
 'img_url': 'https://steamcdn-a.akamaihd.net/steam/apps/261550/capsule_sm_120.jpg?t=1589482699',
 'original_price': '$44.99',
 'platforms': ['platform_img win'],
 'release_date': '30 Mar, 2020',
 'review': 'Very Positive87% of the 100,564 user reviews for this game are '
           'positive.'}
2020-08-03 11:34:36 [scrapy] DEBUG: Scraped from <200 https://store.steampowered.com/search/results/?query&start=50&count=50&dynamic_data=&sort_by=_ASC&snr=1_7_7_topsellers_7&filter=topsellers&infinite=1>
{'discounted_price': '60% $5.99',
 'game_name': 'Tricky Towers',
 'game_url': 'https://store.steampowered.com/app/437920/Tricky_Towers/?snr=1_7_7_topsellers_150_2',
 'img_url': 'https://steamcdn-a.akamaihd.net/steam/apps/437920/capsule_sm_120.jpg?t=1594112511',
 'original_price': '$14.99',
 'platforms': ['platform_img win', 'platform_img mac', 'platform_img linux'],
 'release_date': '2 Aug, 2016',
 'review': 'Very Positive90% of the 5,089 user reviews for this game are '
           'positive.'}
2020-08-03 11:34:36 [scrapy] DEBUG: Scraped from <200 https://store.steampowered.com/search/results/?query&start=50&count=50&dynamic_data=&sort_by=_ASC&snr=1_7_7_topsellers_7&filter=topsellers&infinite=1>
{'discounted_price': '40% $5.09',
 'game_name': 'Pavlov VR',
 'game_url': 'https://store.steampowered.com/app/555160/Pavlov_VR/?snr=1_7_7_topsellers_150_2',
 'img_url': 'https://steamcdn-a.akamaihd.net/steam/apps/555160/capsule_sm_120.jpg?t=1574985448',
 'original_price': '$8.49',
 'platforms': ['platform_img win', 'vr_required'],
 'release_date': '27 Feb, 2017',
 'review': 'Very Positive93% of the 13,681 user reviews for this game are '
           'positive.'}
2020-08-03 11:34:36 [scrapy] DEBUG: Scraped from <200 https://store.steampowered.com/search/results/?query&start=50&count=50&dynamic_data=&sort_by=_ASC&snr=1_7_7_topsellers_7&filter=topsellers&infinite=1>
{'discounted_price': 'None',
 'game_name': 'Crusader Kings III',
 'game_url': 'https://store.steampowered.com/app/1158310/Crusader_Kings_III/?snr=1_7_7_topsellers_150_2',
 'img_url': 'https://steamcdn-a.akamaihd.net/steam/apps/1158310/capsule_sm_120.jpg?t=1589658240',
 'original_price': '$15.99',
 'platforms': ['platform_img win', 'platform_img mac', 'platform_img linux'],
 'release_date': '1 Sep, 2020'}
2020-08-03 11:34:36 [scrapy] DEBUG: Scraped from <200 https://store.steampowered.com/search/results/?query&start=50&count=50&dynamic_data=&sort_by=_ASC&snr=1_7_7_topsellers_7&filter=topsellers&infinite=1>
{'discounted_price': '40% $4.91',
 'game_name': 'Cooking Simulator',
 'game_url': 'https://store.steampowered.com/app/641320/Cooking_Simulator/?snr=1_7_7_topsellers_150_2',
 'img_url': 'https://steamcdn-a.akamaihd.net/steam/apps/641320/capsule_sm_120.jpg?t=1594380121',
 'original_price': '$8.19',
 'platforms': ['platform_img win'],
 'release_date': '6 Jun, 2019',
 'review': 'Very Positive82% of the 6,181 user reviews for this game are '
           'positive.'}
2020-08-03 11:34:36 [scrapy] DEBUG: Scraped from <200 https://store.steampowered.com/search/results/?query&start=50&count=50&dynamic_data=&sort_by=_ASC&snr=1_7_7_topsellers_7&filter=topsellers&infinite=1>
{'discounted_price': 'None',
 'game_name': 'Monster Hunter: World',
 'game_url': 'https://store.steampowered.com/app/582010/Monster_Hunter_World/?snr=1_7_7_topsellers_150_2',
 'img_url': 'https://steamcdn-a.akamaihd.net/steam/apps/582010/capsule_sm_120.jpg?t=1595376372',
 'original_price': '$29.99',
 'platforms': ['platform_img win'],
 'release_date': '9 Aug, 2018',
 'review': 'Very Positive83% of the 157,429 user reviews for this game are '
           'positive.'}
2020-08-03 11:34:36 [scrapy] DEBUG: Scraped from <200 https://store.steampowered.com/search/results/?query&start=50&count=50&dynamic_data=&sort_by=_ASC&snr=1_7_7_topsellers_7&filter=topsellers&infinite=1>
{'discounted_price': 'None',
 'game_name': 'CARRION',
 'game_url': 'https://store.steampowered.com/app/953490/CARRION/?snr=1_7_7_topsellers_150_2',
 'img_url': 'https://steamcdn-a.akamaihd.net/steam/apps/953490/capsule_sm_120.jpg?t=1595510443',
 'original_price': '$8.19',
 'platforms': ['platform_img win', 'platform_img mac', 'platform_img linux'],
 'release_date': '23 Jul, 2020',
 'review': 'Very Positive92% of the 4,988 user reviews for this game are '
           'positive.'}
2020-08-03 11:34:36 [scrapy] DEBUG: Scraped from <200 https://store.steampowered.com/search/results/?query&start=50&count=50&dynamic_data=&sort_by=_ASC&snr=1_7_7_topsellers_7&filter=topsellers&infinite=1>
{'discounted_price': 'None',
 'game_name': 'The Elder Scrolls V: Skyrim Special Edition',
 'game_url': 'https://store.steampowered.com/app/489830/The_Elder_Scrolls_V_Skyrim_Special_Edition/?snr=1_7_7_topsellers_150_2',
 'img_url': 'https://steamcdn-a.akamaihd.net/steam/apps/489830/capsule_sm_120.jpg?t=1590515887',
 'original_price': '$39.99',
 'platforms': ['platform_img win'],
 'release_date': '27 Oct, 2016',
 'review': 'Very Positive92% of the 43,916 user reviews for this game are '
           'positive.'}
2020-08-03 11:34:36 [scrapy] DEBUG: Scraped from <200 https://store.steampowered.com/search/results/?query&start=50&count=50&dynamic_data=&sort_by=_ASC&snr=1_7_7_topsellers_7&filter=topsellers&infinite=1>
{'discounted_price': 'None',
 'game_name': 'Beat Saber',
 'game_url': 'https://store.steampowered.com/app/620980/Beat_Saber/?snr=1_7_7_topsellers_150_2',
 'img_url': 'https://steamcdn-a.akamaihd.net/steam/apps/620980/capsule_sm_120.jpg?t=1585227120',
 'original_price': '$10.49',
 'platforms': ['platform_img win', 'vr_required'],
 'release_date': '21 May, 2019',
 'review': 'Overwhelmingly Positive96% of the 34,718 user reviews for this '
           'game are positive.'}
2020-08-03 11:34:36 [scrapy] DEBUG: Scraped from <200 https://store.steampowered.com/search/results/?query&start=50&count=50&dynamic_data=&sort_by=_ASC&snr=1_7_7_topsellers_7&filter=topsellers&infinite=1>
{'discounted_price': '70% $2.83',
 'game_name': 'UNO',
 'game_url': 'https://store.steampowered.com/app/470220/UNO/?snr=1_7_7_topsellers_150_2',
 'img_url': 'https://steamcdn-a.akamaihd.net/steam/apps/470220/capsule_sm_120.jpg?t=1584461969',
 'original_price': '$9.45',
 'platforms': ['platform_img win'],
 'release_date': '3 Jan, 2017',
 'review': 'Mostly Positive72% of the 17,573 user reviews for this game are '
           'positive.'}
2020-08-03 11:34:36 [scrapy] DEBUG: Scraped from <200 https://store.steampowered.com/search/results/?query&start=50&count=50&dynamic_data=&sort_by=_ASC&snr=1_7_7_topsellers_7&filter=topsellers&infinite=1>
{'discounted_price': 'None',
 'game_name': 'Othercide',
 'game_url': 'https://store.steampowered.com/app/798490/Othercide/?snr=1_7_7_topsellers_150_2',
 'img_url': 'https://steamcdn-a.akamaihd.net/steam/apps/798490/capsule_sm_120.jpg?t=1596125309',
 'original_price': '$27.99',
 'platforms': ['platform_img win'],
 'release_date': '27 Jul, 2020',
 'review': 'Very Positive80% of the 545 user reviews for this game are '
           'positive.'}
2020-08-03 11:34:36 [scrapy] DEBUG: Scraped from <200 https://store.steampowered.com/search/results/?query&start=50&count=50&dynamic_data=&sort_by=_ASC&snr=1_7_7_topsellers_7&filter=topsellers&infinite=1>
{'discounted_price': 'None',
 'game_name': "Garry's Mod",
 'game_url': 'https://store.steampowered.com/app/4000/Garrys_Mod/?snr=1_7_7_topsellers_150_2',
 'img_url': 'https://steamcdn-a.akamaihd.net/steam/apps/4000/capsule_sm_120.jpg?t=1589482820',
 'original_price': '$9.99',
 'platforms': ['platform_img win', 'platform_img mac', 'platform_img linux'],
 'release_date': '29 Nov, 2006',
 'review': 'Overwhelmingly Positive96% of the 491,240 user reviews for this '
           'game are positive.'}
2020-08-03 11:34:36 [scrapy] DEBUG: Scraped from <200 https://store.steampowered.com/search/results/?query&start=50&count=50&dynamic_data=&sort_by=_ASC&snr=1_7_7_topsellers_7&filter=topsellers&infinite=1>
{'discounted_price': 'None',
 'game_name': 'Age of Empires II: Definitive Edition',
 'game_url': 'https://store.steampowered.com/app/813780/Age_of_Empires_II_Definitive_Edition/?snr=1_7_7_topsellers_150_2',
 'img_url': 'https://steamcdn-a.akamaihd.net/steam/apps/813780/capsule_sm_120.jpg?t=1587593881',
 'original_price': '$19.99',
 'platforms': ['platform_img win'],
 'release_date': '14 Nov, 2019',
 'review': 'Very Positive92% of the 46,640 user reviews for this game are '
           'positive.'}
2020-08-03 11:34:36 [scrapy] DEBUG: Scraped from <200 https://store.steampowered.com/search/results/?query&start=50&count=50&dynamic_data=&sort_by=_ASC&snr=1_7_7_topsellers_7&filter=topsellers&infinite=1>
{'discounted_price': 'None',
 'game_name': 'Tabletop Simulator',
 'game_url': 'https://store.steampowered.com/app/286160/Tabletop_Simulator/?snr=1_7_7_topsellers_150_2',
 'img_url': 'https://steamcdn-a.akamaihd.net/steam/apps/286160/capsule_sm_120.jpg?t=1595548516',
 'original_price': '$8.19',
 'platforms': ['platform_img win',
               'platform_img mac',
               'platform_img linux',
               'vr_supported'],
 'release_date': '5 Jun, 2015',
 'review': 'Overwhelmingly Positive95% of the 19,370 user reviews for this '
           'game are positive.'}
2020-08-03 11:34:36 [scrapy] DEBUG: Scraped from <200 https://store.steampowered.com/search/results/?query&start=50&count=50&dynamic_data=&sort_by=_ASC&snr=1_7_7_topsellers_7&filter=topsellers&infinite=1>
{'discounted_price': 'None',
 'game_name': 'Human: Fall Flat',
 'game_url': 'https://store.steampowered.com/app/477160/Human_Fall_Flat/?snr=1_7_7_topsellers_150_2',
 'img_url': 'https://steamcdn-a.akamaihd.net/steam/apps/477160/capsule_sm_120_alt_assets_8.jpg?t=1593105618',
 'original_price': '$6.99',
 'platforms': ['platform_img win', 'platform_img mac'],
 'release_date': '22 Jul, 2016',
 'review': 'Very Positive93% of the 78,622 user reviews for this game are '
           'positive.'}
2020-08-03 11:34:36 [scrapy] DEBUG: Scraped from <200 https://store.steampowered.com/search/results/?query&start=50&count=50&dynamic_data=&sort_by=_ASC&snr=1_7_7_topsellers_7&filter=topsellers&infinite=1>
{'discounted_price': 'None',
 'game_name': "Marvel's Avengers Deluxe Edition",
 'game_url': 'https://store.steampowered.com/bundle/12722/Marvels_Avengers_Deluxe_Edition/?snr=1_7_7_topsellers_150_2',
 'img_url': 'https://steamcdn-a.akamaihd.net/steam/bundles/12722/kocf2fcd4i62hp71/capsule_sm_120.jpg?t=1587139969',
 'original_price': '$54.98',
 'platforms': ['platform_img win']}
2020-08-03 11:34:36 [scrapy] DEBUG: Scraped from <200 https://store.steampowered.com/search/results/?query&start=50&count=50&dynamic_data=&sort_by=_ASC&snr=1_7_7_topsellers_7&filter=topsellers&infinite=1>
{'discounted_price': '30% $5.94',
 'game_name': 'Dawn of Man',
 'game_url': 'https://store.steampowered.com/app/858810/Dawn_of_Man/?snr=1_7_7_topsellers_150_2',
 'img_url': 'https://steamcdn-a.akamaihd.net/steam/apps/858810/capsule_sm_120.jpg?t=1595921632',
 'original_price': '$8.49',
 'platforms': ['platform_img win', 'platform_img mac'],
 'release_date': '1 Mar, 2019',
 'review': 'Very Positive86% of the 9,045 user reviews for this game are '
           'positive.'}
2020-08-03 11:34:36 [scrapy] DEBUG: Scraped from <200 https://store.steampowered.com/search/results/?query&start=50&count=50&dynamic_data=&sort_by=_ASC&snr=1_7_7_topsellers_7&filter=topsellers&infinite=1>
{'discounted_price': 'None',
 'game_name': 'Cities: Skylines',
 'game_url': 'https://store.steampowered.com/app/255710/Cities_Skylines/?snr=1_7_7_topsellers_150_2',
 'img_url': 'https://steamcdn-a.akamaihd.net/steam/apps/255710/capsule_sm_120.jpg?t=1589804223',
 'original_price': '$10.49',
 'platforms': ['platform_img win', 'platform_img mac', 'platform_img linux'],
 'release_date': '10 Mar, 2015',
 'review': 'Very Positive92% of the 95,349 user reviews for this game are '
           'positive.'}
2020-08-03 11:34:36 [scrapy] DEBUG: Scraped from <200 https://store.steampowered.com/search/results/?query&start=50&count=50&dynamic_data=&sort_by=_ASC&snr=1_7_7_topsellers_7&filter=topsellers&infinite=1>
{'discounted_price': 'None',
 'game_name': "Tom Clancy's Rainbow Six® Siege",
 'game_url': 'https://store.steampowered.com/app/359550/Tom_Clancys_Rainbow_Six_Siege/?snr=1_7_7_topsellers_150_2',
 'img_url': 'https://steamcdn-a.akamaihd.net/steam/apps/359550/capsule_sm_120.jpg?t=1595366805',
 'original_price': '$14.99',
 'platforms': ['platform_img win'],
 'release_date': '1 Dec, 2015',
 'review': 'Very Positive88% of the 603,877 user reviews for this game are '
           'positive.'}
2020-08-03 11:34:36 [scrapy] DEBUG: Scraped from <200 https://store.steampowered.com/search/results/?query&start=50&count=50&dynamic_data=&sort_by=_ASC&snr=1_7_7_topsellers_7&filter=topsellers&infinite=1>
{'discounted_price': '40% $11.99',
 'game_name': 'Farming Simulator 19',
 'game_url': 'https://store.steampowered.com/app/787860/Farming_Simulator_19/?snr=1_7_7_topsellers_150_2',
 'img_url': 'https://steamcdn-a.akamaihd.net/steam/apps/787860/capsule_sm_120.jpg?t=1595321279',
 'original_price': '$19.99',
 'platforms': ['platform_img win', 'platform_img mac'],
 'release_date': '19 Nov, 2018',
 'review': 'Very Positive90% of the 23,596 user reviews for this game are '
           'positive.'}
2020-08-03 11:34:36 [scrapy] DEBUG: Scraped from <200 https://store.steampowered.com/search/results/?query&start=50&count=50&dynamic_data=&sort_by=_ASC&snr=1_7_7_topsellers_7&filter=topsellers&infinite=1>
{'discounted_price': 'None',
 'game_name': 'ARK: Survival Evolved',
 'game_url': 'https://store.steampowered.com/app/346110/ARK_Survival_Evolved/?snr=1_7_7_topsellers_150_2',
 'img_url': 'https://steamcdn-a.akamaihd.net/steam/apps/346110/capsule_sm_120.jpg?t=1595349770',
 'original_price': '$15.99',
 'platforms': ['platform_img win', 'platform_img mac', 'platform_img linux'],
 'release_date': '29 Aug, 2017',
 'review': 'Mostly Positive77% of the 278,659 user reviews for this game are '
           'positive.'}
2020-08-03 11:34:36 [scrapy] DEBUG: Scraped from <200 https://store.steampowered.com/search/results/?query&start=50&count=50&dynamic_data=&sort_by=_ASC&snr=1_7_7_topsellers_7&filter=topsellers&infinite=1>
{'discounted_price': 'None',
 'game_name': 'Hellpoint',
 'game_url': 'https://store.steampowered.com/app/628670/Hellpoint/?snr=1_7_7_topsellers_150_2',
 'img_url': 'https://steamcdn-a.akamaihd.net/steam/apps/628670/capsule_sm_120.jpg?t=1596228584',
 'original_price': '$11.99',
 'platforms': ['platform_img win', 'platform_img mac', 'platform_img linux'],
 'release_date': '30 Jul, 2020',
 'review': 'Mostly Positive72% of the 502 user reviews for this game are '
           'positive.'}
2020-08-03 11:34:36 [scrapy] DEBUG: Scraped from <200 https://store.steampowered.com/search/results/?query&start=50&count=50&dynamic_data=&sort_by=_ASC&snr=1_7_7_topsellers_7&filter=topsellers&infinite=1>
{'discounted_price': 'None',
 'game_name': 'Monster Hunter World: Iceborne Master Edition',
 'game_url': 'https://store.steampowered.com/bundle/13013/Monster_Hunter_World_Iceborne_Master_Edition/?snr=1_7_7_topsellers_150_2',
 'img_url': 'https://steamcdn-a.akamaihd.net/steam/bundles/13013/tzc23l6vuqrypm48/capsule_sm_120.jpg?t=1580431442',
 'original_price': '$59.99',
 'platforms': ['platform_img win'],
 'review': 'Very Positive81% of the 169,352 user reviews for games in this '
           'bundle are positive.'}
2020-08-03 11:34:36 [scrapy] DEBUG: Scraped from <200 https://store.steampowered.com/search/results/?query&start=50&count=50&dynamic_data=&sort_by=_ASC&snr=1_7_7_topsellers_7&filter=topsellers&infinite=1>
{'discounted_price': 'None',
 'game_name': 'Persona 4 Golden',
 'game_url': 'https://store.steampowered.com/app/1113000/Persona_4_Golden/?snr=1_7_7_topsellers_150_2',
 'img_url': 'https://steamcdn-a.akamaihd.net/steam/apps/1113000/capsule_sm_120.jpg?t=1594380208',
 'original_price': '$19.99',
 'platforms': ['platform_img win'],
 'release_date': '13 Jun, 2020',
 'review': 'Overwhelmingly Positive96% of the 22,105 user reviews for this '
           'game are positive.'}
2020-08-03 11:34:36 [scrapy] DEBUG: Scraped from <200 https://store.steampowered.com/search/results/?query&start=50&count=50&dynamic_data=&sort_by=_ASC&snr=1_7_7_topsellers_7&filter=topsellers&infinite=1>
{'discounted_price': 'None',
 'game_name': 'Risk of Rain 2',
 'game_url': 'https://store.steampowered.com/app/632360/Risk_of_Rain_2/?snr=1_7_7_topsellers_150_2',
 'img_url': 'https://steamcdn-a.akamaihd.net/steam/apps/632360/capsule_sm_120.jpg?t=1590171227',
 'original_price': '$8.19',
 'platforms': ['platform_img win'],
 'release_date': '28 Mar, 2019',
 'review': 'Overwhelmingly Positive96% of the 62,692 user reviews for this '
           'game are positive.'}
2020-08-03 11:34:36 [scrapy] DEBUG: Scraped from <200 https://store.steampowered.com/search/results/?query&start=50&count=50&dynamic_data=&sort_by=_ASC&snr=1_7_7_topsellers_7&filter=topsellers&infinite=1>
{'discounted_price': 'None',
 'game_name': 'Detroit: Become Human',
 'game_url': 'https://store.steampowered.com/app/1222140/Detroit_Become_Human/?snr=1_7_7_topsellers_150_2',
 'img_url': 'https://steamcdn-a.akamaihd.net/steam/apps/1222140/capsule_sm_120.jpg?t=1593732267',
 'original_price': '$12.99',
 'platforms': ['platform_img win'],
 'release_date': '18 Jun, 2020',
 'review': 'Very Positive90% of the 9,619 user reviews for this game are '
           'positive.'}
2020-08-03 11:34:36 [scrapy] DEBUG: Scraped from <200 https://store.steampowered.com/search/results/?query&start=50&count=50&dynamic_data=&sort_by=_ASC&snr=1_7_7_topsellers_7&filter=topsellers&infinite=1>
{'discounted_price': 'None',
 'game_name': "Sid Meier's Civilization VI : Platinum Edition",
 'game_url': 'https://store.steampowered.com/bundle/12218/Sid_Meiers_Civilization_VI__Platinum_Edition/?snr=1_7_7_topsellers_150_2',
 'img_url': 'https://steamcdn-a.akamaihd.net/steam/bundles/12218/7cg856d5iyp2m6b2/capsule_sm_120.jpg?t=1570208553',
 'original_price': '$90.08',
 'platforms': ['platform_img win', 'platform_img mac', 'platform_img linux'],
 'review': 'Mostly Positive78% of the 91,028 user reviews for games in this '
           'bundle are positive.'}
2020-08-03 11:34:36 [scrapy] DEBUG: Scraped from <200 https://store.steampowered.com/search/results/?query&start=50&count=50&dynamic_data=&sort_by=_ASC&snr=1_7_7_topsellers_7&filter=topsellers&infinite=1>
{'discounted_price': 'None',
 'game_name': 'Divinity: Original Sin 2 - Definitive Edition',
 'game_url': 'https://store.steampowered.com/app/435150/Divinity_Original_Sin_2__Definitive_Edition/?snr=1_7_7_topsellers_150_2',
 'img_url': 'https://steamcdn-a.akamaihd.net/steam/apps/435150/capsule_sm_120.jpg?t=1592914193',
 'original_price': '$44.99',
 'platforms': ['platform_img win', 'platform_img mac'],
 'release_date': '14 Sep, 2017',
 'review': 'Overwhelmingly Positive95% of the 83,455 user reviews for this '
           'game are positive.'}
2020-08-03 11:34:36 [scrapy] DEBUG: Scraped from <200 https://store.steampowered.com/search/results/?query&start=50&count=50&dynamic_data=&sort_by=_ASC&snr=1_7_7_topsellers_7&filter=topsellers&infinite=1>
{'discounted_price': 'None',
 'game_name': 'Temtem',
 'game_url': 'https://store.steampowered.com/app/745920/Temtem/?snr=1_7_7_topsellers_150_2',
 'img_url': 'https://steamcdn-a.akamaihd.net/steam/apps/745920/capsule_sm_120.jpg?t=1595383096',
 'original_price': '$13.99',
 'platforms': ['platform_img win'],
 'release_date': '21 Jan, 2020',
 'review': 'Very Positive87% of the 20,218 user reviews for this game are '
           'positive.'}
2020-08-03 11:34:36 [scrapy] DEBUG: Scraped from <200 https://store.steampowered.com/search/results/?query&start=50&count=50&dynamic_data=&sort_by=_ASC&snr=1_7_7_topsellers_7&filter=topsellers&infinite=1>
{'discounted_price': 'None',
 'game_name': 'Total War: THREE KINGDOMS',
 'game_url': 'https://store.steampowered.com/app/779340/Total_War_THREE_KINGDOMS/?snr=1_7_7_topsellers_150_2',
 'img_url': 'https://steamcdn-a.akamaihd.net/steam/apps/779340/capsule_sm_120.jpg?t=1592492308',
 'original_price': '$37.99',
 'platforms': ['platform_img win', 'platform_img mac', 'platform_img linux'],
 'release_date': '23 May, 2019',
 'review': 'Very Positive84% of the 38,708 user reviews for this game are '
           'positive.'}
2020-08-03 11:34:36 [scrapy] DEBUG: Scraped from <200 https://store.steampowered.com/search/results/?query&start=50&count=50&dynamic_data=&sort_by=_ASC&snr=1_7_7_topsellers_7&filter=topsellers&infinite=1>
{'discounted_price': 'None',
 'game_name': 'Factorio',
 'game_url': 'https://store.steampowered.com/app/427520/Factorio/?snr=1_7_7_topsellers_150_2',
 'img_url': 'https://steamcdn-a.akamaihd.net/steam/apps/427520/capsule_sm_120.jpg?t=1592739102',
 'original_price': '$10.00',
 'platforms': ['platform_img win', 'platform_img mac', 'platform_img linux'],
 'release_date': '25 Feb, 2016',
 'review': 'Overwhelmingly Positive98% of the 64,901 user reviews for this '
           'game are positive.'}
2020-08-03 11:34:36 [scrapy] DEBUG: Scraped from <200 https://store.steampowered.com/search/results/?query&start=50&count=50&dynamic_data=&sort_by=_ASC&snr=1_7_7_topsellers_7&filter=topsellers&infinite=1>
{'discounted_price': 'None',
 'game_name': "No Man's Sky",
 'game_url': 'https://store.steampowered.com/app/275850/No_Mans_Sky/?snr=1_7_7_topsellers_150_2',
 'img_url': 'https://steamcdn-a.akamaihd.net/steam/apps/275850/capsule_sm_120.jpg?t=1595317965',
 'original_price': '$59.99',
 'platforms': ['platform_img win', 'vr_supported'],
 'release_date': '12 Aug, 2016',
 'review': 'Mixed62% of the 133,104 user reviews for this game are positive.'}
2020-08-03 11:34:36 [scrapy] DEBUG: Scraped from <200 https://store.steampowered.com/search/results/?query&start=50&count=50&dynamic_data=&sort_by=_ASC&snr=1_7_7_topsellers_7&filter=topsellers&infinite=1>
{'discounted_price': 'None',
 'game_name': "Marvel's Avengers",
 'game_url': 'https://store.steampowered.com/app/997070/Marvels_Avengers/?snr=1_7_7_topsellers_150_2',
 'img_url': 'https://steamcdn-a.akamaihd.net/steam/apps/997070/capsule_sm_120.jpg?t=1593186554',
 'original_price': '$39.99',
 'platforms': ['platform_img win'],
 'release_date': '4 Sep, 2020'}
2020-08-03 11:34:36 [scrapy] DEBUG: Scraped from <200 https://store.steampowered.com/search/results/?query&start=50&count=50&dynamic_data=&sort_by=_ASC&snr=1_7_7_topsellers_7&filter=topsellers&infinite=1>
{'discounted_price': 'None',
 'game_name': 'Left 4 Dead 2',
 'game_url': 'https://store.steampowered.com/app/550/Left_4_Dead_2/?snr=1_7_7_topsellers_150_2',
 'img_url': 'https://steamcdn-a.akamaihd.net/steam/apps/550/capsule_sm_120.jpg?t=1591811282',
 'original_price': '$5.49',
 'platforms': ['platform_img win', 'platform_img mac', 'platform_img linux'],
 'release_date': '16 Nov, 2009',
 'review': 'Overwhelmingly Positive97% of the 245,769 user reviews for this '
           'game are positive.'}
2020-08-03 11:34:36 [scrapy] DEBUG: Scraped from <200 https://store.steampowered.com/search/results/?query&start=50&count=50&dynamic_data=&sort_by=_ASC&snr=1_7_7_topsellers_7&filter=topsellers&infinite=1>
{'discounted_price': 'None',
 'game_name': 'Squad',
 'game_url': 'https://store.steampowered.com/app/393380/Squad/?snr=1_7_7_topsellers_150_2',
 'img_url': 'https://steamcdn-a.akamaihd.net/steam/apps/393380/capsule_sm_120.jpg?t=1595452515',
 'original_price': '$30.00',
 'platforms': ['platform_img win'],
 'release_date': '14 Dec, 2015',
 'review': 'Very Positive87% of the 38,570 user reviews for this game are '
           'positive.'}
2020-08-03 11:34:36 [scrapy] DEBUG: Scraped from <200 https://store.steampowered.com/search/results/?query&start=50&count=50&dynamic_data=&sort_by=_ASC&snr=1_7_7_topsellers_7&filter=topsellers&infinite=1>
{'discounted_price': 'None',
 'game_name': 'Planet Zoo: Premium Edition',
 'game_url': 'https://store.steampowered.com/bundle/13931/Planet_Zoo_Premium_Edition/?snr=1_7_7_topsellers_150_2',
 'img_url': 'https://steamcdn-a.akamaihd.net/steam/bundles/13931/7qhxhgv9qvn5e84f/capsule_sm_120.jpg?t=1586448150',
 'original_price': '$61.16',
 'platforms': ['platform_img win'],
 'review': 'Very Positive87% of the 26,494 user reviews for games in this '
           'bundle are positive.'}
2020-08-03 11:34:36 [scrapy] DEBUG: Scraped from <200 https://store.steampowered.com/search/results/?query&start=50&count=50&dynamic_data=&sort_by=_ASC&snr=1_7_7_topsellers_7&filter=topsellers&infinite=1>
{'discounted_price': 'None',
 'game_name': 'Subnautica',
 'game_url': 'https://store.steampowered.com/app/264710/Subnautica/?snr=1_7_7_topsellers_150_2',
 'img_url': 'https://steamcdn-a.akamaihd.net/steam/apps/264710/capsule_sm_120.jpg?t=1589483895',
 'original_price': '$8.49',
 'platforms': ['platform_img win', 'platform_img mac', 'vr_supported'],
 'release_date': '23 Jan, 2018',
 'review': 'Overwhelmingly Positive95% of the 123,552 user reviews for this '
           'game are positive.'}
2020-08-03 11:34:36 [scrapy] DEBUG: Scraped from <200 https://store.steampowered.com/search/results/?query&start=50&count=50&dynamic_data=&sort_by=_ASC&snr=1_7_7_topsellers_7&filter=topsellers&infinite=1>
{'discounted_price': 'None',
 'game_name': '7 Days to Die',
 'game_url': 'https://store.steampowered.com/app/251570/7_Days_to_Die/?snr=1_7_7_topsellers_150_2',
 'img_url': 'https://steamcdn-a.akamaihd.net/steam/apps/251570/capsule_sm_120.jpg?t=1590449906',
 'original_price': '$24.99',
 'platforms': ['platform_img win', 'platform_img mac', 'platform_img linux'],
 'release_date': '13 Dec, 2013',
 'review': 'Very Positive84% of the 91,664 user reviews for this game are '
           'positive.'}
2020-08-03 11:34:36 [scrapy] DEBUG: Scraped from <200 https://store.steampowered.com/search/results/?query&start=50&count=50&dynamic_data=&sort_by=_ASC&snr=1_7_7_topsellers_7&filter=topsellers&infinite=1>
{'discounted_price': 'None',
 'game_name': 'RimWorld',
 'game_url': 'https://store.steampowered.com/app/294100/RimWorld/?snr=1_7_7_topsellers_150_2',
 'img_url': 'https://steamcdn-a.akamaihd.net/steam/apps/294100/capsule_sm_120.jpg?t=1594308831',
 'original_price': '$11.99',
 'platforms': ['platform_img win', 'platform_img mac', 'platform_img linux'],
 'release_date': '17 Oct, 2018',
 'review': 'Overwhelmingly Positive98% of the 65,794 user reviews for this '
           'game are positive.'}
2020-08-03 11:34:36 [scrapy] DEBUG: Scraped from <200 https://store.steampowered.com/search/results/?query&start=50&count=50&dynamic_data=&sort_by=_ASC&snr=1_7_7_topsellers_7&filter=topsellers&infinite=1>
{'discounted_price': 'None',
 'game_name': 'Green Hell',
 'game_url': 'https://store.steampowered.com/app/815370/Green_Hell/?snr=1_7_7_topsellers_150_2',
 'img_url': 'https://steamcdn-a.akamaihd.net/steam/apps/815370/capsule_sm_120.jpg?t=1596197852',
 'original_price': '$8.49',
 'platforms': ['platform_img win'],
 'release_date': '5 Sep, 2019',
 'review': 'Very Positive86% of the 16,411 user reviews for this game are '
           'positive.'}
2020-08-03 11:34:36 [scrapy] DEBUG: Scraped from <200 https://store.steampowered.com/search/results/?query&start=50&count=50&dynamic_data=&sort_by=_ASC&snr=1_7_7_topsellers_7&filter=topsellers&infinite=1>
{'discounted_price': 'None',
 'game_name': 'STAR WARS™: The Old Republic™  - Subscriptions',
 'game_url': 'https://store.steampowered.com/app/1333220/STAR_WARS_The_Old_Republic___Subscriptions/?snr=1_7_7_topsellers_150_2',
 'img_url': 'https://steamcdn-a.akamaihd.net/steam/apps/1333220/capsule_sm_120.jpg?t=1596170046',
 'original_price': '$14.99',
 'platforms': ['platform_img win'],
 'release_date': '21 Jul, 2020'}
2020-08-03 11:34:36 [scrapy] DEBUG: Scraped from <200 https://store.steampowered.com/search/results/?query&start=50&count=50&dynamic_data=&sort_by=_ASC&snr=1_7_7_topsellers_7&filter=topsellers&infinite=1>
{'discounted_price': 'None',
 'game_name': 'STAR WARS™: The Old Republic™  - Subscriptions',
 'game_url': 'https://store.steampowered.com/app/1333220/STAR_WARS_The_Old_Republic___Subscriptions/?snr=1_7_7_topsellers_150_2',
 'img_url': 'https://steamcdn-a.akamaihd.net/steam/apps/1333220/capsule_sm_120.jpg?t=1596170046',
 'original_price': '$14.99',
 'platforms': ['platform_img win'],
 'release_date': '21 Jul, 2020'}
2020-08-03 11:34:36 [scrapy] DEBUG: Scraped from <200 https://store.steampowered.com/search/results/?query&start=50&count=50&dynamic_data=&sort_by=_ASC&snr=1_7_7_topsellers_7&filter=topsellers&infinite=1>
{'discounted_price': 'None',
 'game_name': 'STAR WARS™: The Old Republic™  - Subscriptions',
 'game_url': 'https://store.steampowered.com/app/1333220/STAR_WARS_The_Old_Republic___Subscriptions/?snr=1_7_7_topsellers_150_2',
 'img_url': 'https://steamcdn-a.akamaihd.net/steam/apps/1333220/capsule_sm_120.jpg?t=1596170046',
 'original_price': '$14.99',
 'platforms': ['platform_img win'],
 'release_date': '21 Jul, 2020'}
2020-08-03 11:34:36 [scrapy] DEBUG: Scraped from <200 https://store.steampowered.com/search/results/?query&start=50&count=50&dynamic_data=&sort_by=_ASC&snr=1_7_7_topsellers_7&filter=topsellers&infinite=1>
{'discounted_price': 'None',
 'game_name': 'STAR WARS™: The Old Republic™  - Subscriptions',
 'game_url': 'https://store.steampowered.com/app/1333220/STAR_WARS_The_Old_Republic___Subscriptions/?snr=1_7_7_topsellers_150_2',
 'img_url': 'https://steamcdn-a.akamaihd.net/steam/apps/1333220/capsule_sm_120.jpg?t=1596170046',
 'original_price': '$14.99',
 'platforms': ['platform_img win'],
 'release_date': '21 Jul, 2020'}
2020-08-03 11:34:36 [scrapy] DEBUG: Scraped from <200 https://store.steampowered.com/search/results/?query&start=50&count=50&dynamic_data=&sort_by=_ASC&snr=1_7_7_topsellers_7&filter=topsellers&infinite=1>
{'discounted_price': 'None',
 'game_name': "Don't Starve Together",
 'game_url': 'https://store.steampowered.com/app/322330/Dont_Starve_Together/?snr=1_7_7_topsellers_150_2',
 'img_url': 'https://steamcdn-a.akamaihd.net/steam/apps/322330/capsule_sm_120_alt_assets_20.jpg?t=1595009144',
 'original_price': '$14.99',
 'platforms': ['platform_img win', 'platform_img mac', 'platform_img linux'],
 'release_date': '21 Apr, 2016',
 'review': 'Overwhelmingly Positive96% of the 126,674 user reviews for this '
           'game are positive.'}
2020-08-03 11:34:36 [scrapy] DEBUG: Scraped from <200 https://store.steampowered.com/search/results/?query&start=50&count=50&dynamic_data=&sort_by=_ASC&snr=1_7_7_topsellers_7&filter=topsellers&infinite=1>
{'discounted_price': 'None',
 'game_name': 'Deep Rock Galactic',
 'game_url': 'https://store.steampowered.com/app/548430/Deep_Rock_Galactic/?snr=1_7_7_topsellers_150_2',
 'img_url': 'https://steamcdn-a.akamaihd.net/steam/apps/548430/capsule_sm_120.jpg?t=1596100942',
 'original_price': '$10.49',
 'platforms': ['platform_img win'],
 'release_date': '13 May, 2020',
 'review': 'Overwhelmingly Positive96% of the 38,048 user reviews for this '
           'game are positive.'}
2020-08-03 11:34:37 [scrapy] DEBUG: Crawled (200) <GET https://store.steampowered.com/search/results/?query&start=100&count=50&dynamic_data=&sort_by=_ASC&snr=1_7_7_topsellers_7&filter=topsellers&infinite=1> (referer: https://store.steampowered.com/search/results/?query&start=50&count=50&dynamic_data=&sort_by=_ASC&snr=1_7_7_topsellers_7&filter=topsellers&infinite=1)
2020-08-03 11:34:37 [scrapy] DEBUG: Scraped from <200 https://store.steampowered.com/search/results/?query&start=100&count=50&dynamic_data=&sort_by=_ASC&snr=1_7_7_topsellers_7&filter=topsellers&infinite=1>
{'discounted_price': 'None',
 'game_name': 'Total War: WARHAMMER II',
 'game_url': 'https://store.steampowered.com/app/594570/Total_War_WARHAMMER_II/?snr=1_7_7_topsellers_150_3',
 'img_url': 'https://steamcdn-a.akamaihd.net/steam/apps/594570/capsule_sm_120.jpg?t=1592492519',
 'original_price': '$37.99',
 'platforms': ['platform_img win', 'platform_img mac', 'platform_img linux'],
 'release_date': '28 Sep, 2017',
 'review': 'Very Positive92% of the 48,872 user reviews for this game are '
           'positive.'}
2020-08-03 11:34:37 [scrapy] DEBUG: Scraped from <200 https://store.steampowered.com/search/results/?query&start=100&count=50&dynamic_data=&sort_by=_ASC&snr=1_7_7_topsellers_7&filter=topsellers&infinite=1>
{'discounted_price': 'None',
 'game_name': 'Command & Conquer™ Remastered Collection',
 'game_url': 'https://store.steampowered.com/app/1213210/Command__Conquer_Remastered_Collection/?snr=1_7_7_topsellers_150_3',
 'img_url': 'https://steamcdn-a.akamaihd.net/steam/apps/1213210/capsule_sm_120.jpg?t=1592613615',
 'original_price': '$19.99',
 'platforms': ['platform_img win'],
 'release_date': '5 Jun, 2020',
 'review': 'Very Positive90% of the 12,709 user reviews for this game are '
           'positive.'}
2020-08-03 11:34:37 [scrapy] DEBUG: Scraped from <200 https://store.steampowered.com/search/results/?query&start=100&count=50&dynamic_data=&sort_by=_ASC&snr=1_7_7_topsellers_7&filter=topsellers&infinite=1>
{'discounted_price': '85% $1.57',
 'game_name': 'Sleeping Dogs: Definitive Edition',
 'game_url': 'https://store.steampowered.com/app/307690/Sleeping_Dogs_Definitive_Edition/?snr=1_7_7_topsellers_150_3',
 'img_url': 'https://steamcdn-a.akamaihd.net/steam/apps/307690/capsule_sm_120.jpg?t=1592488701',
 'original_price': '$10.49',
 'platforms': ['platform_img win', 'platform_img mac'],
 'release_date': '14 Oct, 2014',
 'review': 'Very Positive90% of the 26,325 user reviews for this game are '
           'positive.'}
2020-08-03 11:34:37 [scrapy] DEBUG: Scraped from <200 https://store.steampowered.com/search/results/?query&start=100&count=50&dynamic_data=&sort_by=_ASC&snr=1_7_7_topsellers_7&filter=topsellers&infinite=1>
{'discounted_price': '46% $15.13',
 'game_name': 'Dead by Daylight - Silent Hill Edition',
 'game_url': 'https://store.steampowered.com/bundle/15308/Dead_by_Daylight__Silent_Hill_Edition/?snr=1_7_7_topsellers_150_3',
 'img_url': 'https://steamcdn-a.akamaihd.net/steam/bundles/15308/m9meretf1vdvpsxi/capsule_sm_120.jpg?t=1595459182',
 'original_price': '$28.14',
 'platforms': ['platform_img win'],
 'review': 'Very Positive81% of the 257,370 user reviews for games in this '
           'bundle are positive.'}
2020-08-03 11:34:37 [scrapy] DEBUG: Scraped from <200 https://store.steampowered.com/search/results/?query&start=100&count=50&dynamic_data=&sort_by=_ASC&snr=1_7_7_topsellers_7&filter=topsellers&infinite=1>
{'discounted_price': 'None',
 'game_name': 'BeamNG.drive',
 'game_url': 'https://store.steampowered.com/app/284160/BeamNGdrive/?snr=1_7_7_topsellers_150_3',
 'img_url': 'https://steamcdn-a.akamaihd.net/steam/apps/284160/capsule_sm_120.jpg?t=1593391402',
 'original_price': '$24.99',
 'platforms': ['platform_img win'],
 'release_date': '29 May, 2015',
 'review': 'Very Positive94% of the 37,575 user reviews for this game are '
           'positive.'}
2020-08-03 11:34:37 [scrapy] DEBUG: Scraped from <200 https://store.steampowered.com/search/results/?query&start=100&count=50&dynamic_data=&sort_by=_ASC&snr=1_7_7_topsellers_7&filter=topsellers&infinite=1>
{'discounted_price': 'None',
 'game_name': 'Scrap Mechanic',
 'game_url': 'https://store.steampowered.com/app/387990/Scrap_Mechanic/?snr=1_7_7_topsellers_150_3',
 'img_url': 'https://steamcdn-a.akamaihd.net/steam/apps/387990/capsule_sm_120.jpg?t=1593703247',
 'original_price': '$19.99',
 'platforms': ['platform_img win'],
 'release_date': '19 Jan, 2016',
 'review': 'Very Positive91% of the 48,338 user reviews for this game are '
           'positive.'}
2020-08-03 11:34:37 [scrapy] DEBUG: Scraped from <200 https://store.steampowered.com/search/results/?query&start=100&count=50&dynamic_data=&sort_by=_ASC&snr=1_7_7_topsellers_7&filter=topsellers&infinite=1>
{'discounted_price': '94% $2.24',
 'game_name': 'Just Cause 3 XXL Edition',
 'game_url': 'https://store.steampowered.com/bundle/7598/Just_Cause_3_XXL_Edition/?snr=1_7_7_topsellers_150_3',
 'img_url': 'https://steamcdn-a.akamaihd.net/steam/bundles/7598/qgol10m1sn6f6pyr/capsule_sm_120.jpg?t=1542038958',
 'original_price': '$35.10',
 'platforms': ['platform_img win'],
 'review': 'Mostly Positive79% of the 60,813 user reviews for games in this '
           'bundle are positive.'}
2020-08-03 11:34:37 [scrapy] DEBUG: Scraped from <200 https://store.steampowered.com/search/results/?query&start=100&count=50&dynamic_data=&sort_by=_ASC&snr=1_7_7_topsellers_7&filter=topsellers&infinite=1>
{'discounted_price': 'None',
 'game_name': 'STORY OF SEASONS: Friends of Mineral Town',
 'game_url': 'https://store.steampowered.com/app/978780/STORY_OF_SEASONS_Friends_of_Mineral_Town/?snr=1_7_7_topsellers_150_3',
 'img_url': 'https://steamcdn-a.akamaihd.net/steam/apps/978780/capsule_sm_120.jpg?t=1594751041',
 'original_price': '$15.99',
 'platforms': ['platform_img win'],
 'release_date': '15 Jul, 2020',
 'review': 'Overwhelmingly Positive96% of the 1,311 user reviews for this game '
           'are positive.'}
2020-08-03 11:34:37 [scrapy] DEBUG: Scraped from <200 https://store.steampowered.com/search/results/?query&start=100&count=50&dynamic_data=&sort_by=_ASC&snr=1_7_7_topsellers_7&filter=topsellers&infinite=1>
{'discounted_price': '25% $11.24',
 'game_name': 'Transport Fever 2',
 'game_url': 'https://store.steampowered.com/app/1066780/Transport_Fever_2/?snr=1_7_7_topsellers_150_3',
 'img_url': 'https://steamcdn-a.akamaihd.net/steam/apps/1066780/capsule_sm_120.jpg?t=1596190684',
 'original_price': '$14.99',
 'platforms': ['platform_img win', 'platform_img linux'],
 'release_date': '11 Dec, 2019',
 'review': 'Very Positive84% of the 7,199 user reviews for this game are '
           'positive.'}
2020-08-03 11:34:37 [scrapy] DEBUG: Scraped from <200 https://store.steampowered.com/search/results/?query&start=100&count=50&dynamic_data=&sort_by=_ASC&snr=1_7_7_topsellers_7&filter=topsellers&infinite=1>
{'discounted_price': 'None',
 'game_name': 'Microsoft Flight Simulator',
 'game_url': 'https://store.steampowered.com/app/1250410/Microsoft_Flight_Simulator/?snr=1_7_7_topsellers_150_3',
 'img_url': 'https://steamcdn-a.akamaihd.net/steam/apps/1250410/capsule_sm_120.jpg?t=1596228438',
 'original_price': '$28.99',
 'platforms': ['platform_img win'],
 'release_date': '8/18/2020'}
2020-08-03 11:34:37 [scrapy] DEBUG: Scraped from <200 https://store.steampowered.com/search/results/?query&start=100&count=50&dynamic_data=&sort_by=_ASC&snr=1_7_7_topsellers_7&filter=topsellers&infinite=1>
{'discounted_price': '40% $7.79',
 'game_name': 'Barotrauma',
 'game_url': 'https://store.steampowered.com/app/602960/Barotrauma/?snr=1_7_7_topsellers_150_3',
 'img_url': 'https://steamcdn-a.akamaihd.net/steam/apps/602960/capsule_sm_120_alt_assets_6.jpg?t=1596125316',
 'original_price': '$12.99',
 'platforms': ['platform_img win', 'platform_img mac', 'platform_img linux'],
 'release_date': '5 Jun, 2019',
 'review': 'Very Positive89% of the 4,350 user reviews for this game are '
           'positive.'}
2020-08-03 11:34:37 [scrapy] DEBUG: Scraped from <200 https://store.steampowered.com/search/results/?query&start=100&count=50&dynamic_data=&sort_by=_ASC&snr=1_7_7_topsellers_7&filter=topsellers&infinite=1>
{'discounted_price': 'None',
 'game_name': 'DayZ',
 'game_url': 'https://store.steampowered.com/app/221100/DayZ/?snr=1_7_7_topsellers_150_3',
 'img_url': 'https://steamcdn-a.akamaihd.net/steam/apps/221100/capsule_sm_120.jpg?t=1593167835',
 'original_price': '$44.99',
 'platforms': ['platform_img win'],
 'release_date': '13 Dec, 2018',
 'review': 'Mixed65% of the 198,340 user reviews for this game are positive.'}
2020-08-03 11:34:37 [scrapy] DEBUG: Scraped from <200 https://store.steampowered.com/search/results/?query&start=100&count=50&dynamic_data=&sort_by=_ASC&snr=1_7_7_topsellers_7&filter=topsellers&infinite=1>
{'discounted_price': 'None',
 'game_name': 'The Witcher 3: Wild Hunt - Game of the Year Edition',
 'game_url': 'https://store.steampowered.com/sub/124923/?snr=1_7_7_topsellers_150_3',
 'img_url': 'https://steamcdn-a.akamaihd.net/steam/subs/124923/capsule_sm_120.jpg?t=1472603344',
 'original_price': '$49.99',
 'platforms': ['platform_img win'],
 'release_date': '30 Aug, 2016',
 'review': 'Overwhelmingly Positive98% of the 376,515 user reviews for games '
           'in this bundle are positive.'}
2020-08-03 11:34:37 [scrapy] DEBUG: Scraped from <200 https://store.steampowered.com/search/results/?query&start=100&count=50&dynamic_data=&sort_by=_ASC&snr=1_7_7_topsellers_7&filter=topsellers&infinite=1>
{'discounted_price': 'None',
 'game_name': 'The Elder Scrolls® Online',
 'game_url': 'https://store.steampowered.com/app/306130/The_Elder_Scrolls_Online/?snr=1_7_7_topsellers_150_3',
 'img_url': 'https://steamcdn-a.akamaihd.net/steam/apps/306130/capsule_sm_120.jpg?t=1590518938',
 'original_price': '$19.99',
 'platforms': ['platform_img win', 'platform_img mac'],
 'release_date': '22 May, 2017',
 'review': 'Very Positive81% of the 64,652 user reviews for this game are '
           'positive.'}
2020-08-03 11:34:37 [scrapy] DEBUG: Scraped from <200 https://store.steampowered.com/search/results/?query&start=100&count=50&dynamic_data=&sort_by=_ASC&snr=1_7_7_topsellers_7&filter=topsellers&infinite=1>
{'discounted_price': '72% $16.72',
 'game_name': 'More Spore',
 'game_url': 'https://store.steampowered.com/bundle/1245/More_Spore/?snr=1_7_7_topsellers_150_3',
 'img_url': 'https://steamcdn-a.akamaihd.net/steam/bundles/1245/32vad7au23s3ri4c/capsule_sm_120.jpg?t=1592105970',
 'original_price': '$59.97',
 'platforms': ['platform_img win'],
 'review': 'Very Positive89% of the 28,262 user reviews for games in this '
           'bundle are positive.'}
2020-08-03 11:34:37 [scrapy] DEBUG: Scraped from <200 https://store.steampowered.com/search/results/?query&start=100&count=50&dynamic_data=&sort_by=_ASC&snr=1_7_7_topsellers_7&filter=topsellers&infinite=1>
{'discounted_price': 'None',
 'game_name': 'DOOM Eternal',
 'game_url': 'https://store.steampowered.com/app/782330/DOOM_Eternal/?snr=1_7_7_topsellers_150_3',
 'img_url': 'https://steamcdn-a.akamaihd.net/steam/apps/782330/capsule_sm_120.jpg?t=1589577706',
 'original_price': '$59.99',
 'platforms': ['platform_img win'],
 'release_date': '19 Mar, 2020',
 'review': 'Very Positive85% of the 62,169 user reviews for this game are '
           'positive.'}
2020-08-03 11:34:37 [scrapy] DEBUG: Scraped from <200 https://store.steampowered.com/search/results/?query&start=100&count=50&dynamic_data=&sort_by=_ASC&snr=1_7_7_topsellers_7&filter=topsellers&infinite=1>
{'discounted_price': 'None',
 'game_name': 'FAIRY TAIL',
 'game_url': 'https://store.steampowered.com/app/1233260/FAIRY_TAIL/?snr=1_7_7_topsellers_150_3',
 'img_url': 'https://steamcdn-a.akamaihd.net/steam/apps/1233260/capsule_sm_120.jpg?t=1596071727',
 'original_price': '$19.99',
 'platforms': ['platform_img win'],
 'release_date': '29 Jul, 2020',
 'review': 'Mostly Positive70% of the 450 user reviews for this game are '
           'positive.'}
2020-08-03 11:34:37 [scrapy] DEBUG: Scraped from <200 https://store.steampowered.com/search/results/?query&start=100&count=50&dynamic_data=&sort_by=_ASC&snr=1_7_7_topsellers_7&filter=topsellers&infinite=1>
{'discounted_price': 'None',
 'game_name': 'F1® 2020',
 'game_url': 'https://store.steampowered.com/app/1080110/F1_2020/?snr=1_7_7_topsellers_150_3',
 'img_url': 'https://steamcdn-a.akamaihd.net/steam/apps/1080110/capsule_sm_120.jpg?t=1595424460',
 'original_price': '$19.99',
 'platforms': ['platform_img win'],
 'release_date': '9 Jul, 2020',
 'review': 'Very Positive92% of the 3,583 user reviews for this game are '
           'positive.'}
2020-08-03 11:34:37 [scrapy] DEBUG: Scraped from <200 https://store.steampowered.com/search/results/?query&start=100&count=50&dynamic_data=&sort_by=_ASC&snr=1_7_7_topsellers_7&filter=topsellers&infinite=1>
{'discounted_price': 'None',
 'game_name': 'Project Cars 3',
 'game_url': 'https://store.steampowered.com/app/958400/Project_Cars_3/?snr=1_7_7_topsellers_150_3',
 'img_url': 'https://steamcdn-a.akamaihd.net/steam/apps/958400/capsule_sm_120.jpg?t=1596463361',
 'original_price': '$59.99',
 'platforms': ['platform_img win', 'vr_supported']}
2020-08-03 11:34:37 [scrapy] DEBUG: Scraped from <200 https://store.steampowered.com/search/results/?query&start=100&count=50&dynamic_data=&sort_by=_ASC&snr=1_7_7_topsellers_7&filter=topsellers&infinite=1>
{'discounted_price': 'None',
 'game_name': 'ARK: Genesis Season Pass',
 'game_url': 'https://store.steampowered.com/app/1113410/ARK_Genesis_Season_Pass/?snr=1_7_7_topsellers_150_3',
 'img_url': 'https://steamcdn-a.akamaihd.net/steam/apps/1113410/capsule_sm_120.jpg?t=1596058551',
 'original_price': '$11.99',
 'platforms': ['platform_img win', 'platform_img mac', 'platform_img linux'],
 'release_date': '8 Aug, 2019',
 'review': 'Mixed51% of the 2,685 user reviews for this game are positive.'}
2020-08-03 11:34:37 [scrapy] DEBUG: Scraped from <200 https://store.steampowered.com/search/results/?query&start=100&count=50&dynamic_data=&sort_by=_ASC&snr=1_7_7_topsellers_7&filter=topsellers&infinite=1>
{'discounted_price': '10% $6.29',
 'game_name': 'Travellers Rest',
 'game_url': 'https://store.steampowered.com/app/1139980/Travellers_Rest/?snr=1_7_7_topsellers_150_3',
 'img_url': 'https://steamcdn-a.akamaihd.net/steam/apps/1139980/capsule_sm_120.jpg?t=1596201417',
 'original_price': '$6.99',
 'platforms': ['platform_img win'],
 'release_date': '28 Jul, 2020',
 'review': 'Very Positive96% of the 308 user reviews for this game are '
           'positive.'}
2020-08-03 11:34:37 [scrapy] DEBUG: Scraped from <200 https://store.steampowered.com/search/results/?query&start=100&count=50&dynamic_data=&sort_by=_ASC&snr=1_7_7_topsellers_7&filter=topsellers&infinite=1>
{'discounted_price': '75% $4.99',
 'game_name': 'F1® 2019',
 'game_url': 'https://store.steampowered.com/app/928600/F1_2019/?snr=1_7_7_topsellers_150_3',
 'img_url': 'https://steamcdn-a.akamaihd.net/steam/apps/928600/capsule_sm_120.jpg?t=1596053139',
 'original_price': '$19.99',
 'platforms': ['platform_img win'],
 'release_date': '27 Jun, 2019',
 'review': 'Very Positive90% of the 9,920 user reviews for this game are '
           'positive.'}
2020-08-03 11:34:37 [scrapy] DEBUG: Scraped from <200 https://store.steampowered.com/search/results/?query&start=100&count=50&dynamic_data=&sort_by=_ASC&snr=1_7_7_topsellers_7&filter=topsellers&infinite=1>
{'discounted_price': 'None',
 'game_name': 'Cities: Skylines - City Startup Bundle',
 'game_url': 'https://store.steampowered.com/bundle/15456/Cities_Skylines__City_Startup_Bundle/?snr=1_7_7_topsellers_150_3',
 'img_url': 'https://steamcdn-a.akamaihd.net/steam/bundles/15456/sfnwy4y3z1krzw3d/capsule_sm_120.jpg?t=1593104378',
 'original_price': '$27.86',
 'platforms': ['platform_img win', 'platform_img mac', 'platform_img linux'],
 'review': 'Very Positive92% of the 96,854 user reviews for games in this '
           'bundle are positive.'}
2020-08-03 11:34:37 [scrapy] DEBUG: Scraped from <200 https://store.steampowered.com/search/results/?query&start=100&count=50&dynamic_data=&sort_by=_ASC&snr=1_7_7_topsellers_7&filter=topsellers&infinite=1>
{'discounted_price': 'None',
 'game_name': 'State of Decay 2: Juggernaut Edition',
 'game_url': 'https://store.steampowered.com/app/495420/State_of_Decay_2_Juggernaut_Edition/?snr=1_7_7_topsellers_150_3',
 'img_url': 'https://steamcdn-a.akamaihd.net/steam/apps/495420/capsule_sm_120.jpg?t=1586203264',
 'original_price': '$16.99',
 'platforms': ['platform_img win'],
 'release_date': '13 Mar, 2020',
 'review': 'Mostly Positive73% of the 11,460 user reviews for this game are '
           'positive.'}
2020-08-03 11:34:37 [scrapy] DEBUG: Scraped from <200 https://store.steampowered.com/search/results/?query&start=100&count=50&dynamic_data=&sort_by=_ASC&snr=1_7_7_topsellers_7&filter=topsellers&infinite=1>
{'discounted_price': 'None',
 'game_name': 'KovaaK 2.0',
 'game_url': 'https://store.steampowered.com/app/824270/KovaaK_20/?snr=1_7_7_topsellers_150_3',
 'img_url': 'https://steamcdn-a.akamaihd.net/steam/apps/824270/capsule_sm_120.jpg?t=1594851417',
 'original_price': '$5.49',
 'platforms': ['platform_img win'],
 'release_date': '3 Apr, 2018',
 'review': 'Very Positive89% of the 9,939 user reviews for this game are '
           'positive.'}
2020-08-03 11:34:37 [scrapy] DEBUG: Scraped from <200 https://store.steampowered.com/search/results/?query&start=100&count=50&dynamic_data=&sort_by=_ASC&snr=1_7_7_topsellers_7&filter=topsellers&infinite=1>
{'discounted_price': 'None',
 'game_name': 'ASTRONEER',
 'game_url': 'https://store.steampowered.com/app/361420/ASTRONEER/?snr=1_7_7_topsellers_150_3',
 'img_url': 'https://steamcdn-a.akamaihd.net/steam/apps/361420/capsule_sm_120.jpg?t=1590519257',
 'original_price': '$10.49',
 'platforms': ['platform_img win'],
 'release_date': '5 Feb, 2019',
 'review': 'Very Positive89% of the 54,065 user reviews for this game are '
           'positive.'}
2020-08-03 11:34:37 [scrapy] DEBUG: Scraped from <200 https://store.steampowered.com/search/results/?query&start=100&count=50&dynamic_data=&sort_by=_ASC&snr=1_7_7_topsellers_7&filter=topsellers&infinite=1>
{'discounted_price': 'None',
 'game_name': 'Sid Meier’s Civilization® VI',
 'game_url': 'https://store.steampowered.com/app/289070/Sid_Meiers_Civilization_VI/?snr=1_7_7_topsellers_150_3',
 'img_url': 'https://steamcdn-a.akamaihd.net/steam/apps/289070/capsule_sm_120.jpg?t=1595520455',
 'original_price': '$44.99',
 'platforms': ['platform_img win', 'platform_img mac', 'platform_img linux'],
 'release_date': '20 Oct, 2016',
 'review': 'Very Positive81% of the 83,805 user reviews for this game are '
           'positive.'}
2020-08-03 11:34:37 [scrapy] DEBUG: Scraped from <200 https://store.steampowered.com/search/results/?query&start=100&count=50&dynamic_data=&sort_by=_ASC&snr=1_7_7_topsellers_7&filter=topsellers&infinite=1>
{'discounted_price': '60% $5.67',
 'game_name': 'MONOPOLY® PLUS',
 'game_url': 'https://store.steampowered.com/app/562810/MONOPOLY_PLUS/?snr=1_7_7_topsellers_150_3',
 'img_url': 'https://steamcdn-a.akamaihd.net/steam/apps/562810/capsule_sm_120.jpg?t=1587165889',
 'original_price': '$14.19',
 'platforms': ['platform_img win'],
 'release_date': '7 Sep, 2017',
 'review': 'Mixed43% of the 4,146 user reviews for this game are positive.'}
2020-08-03 11:34:37 [scrapy] DEBUG: Scraped from <200 https://store.steampowered.com/search/results/?query&start=100&count=50&dynamic_data=&sort_by=_ASC&snr=1_7_7_topsellers_7&filter=topsellers&infinite=1>
{'discounted_price': 'None',
 'game_name': 'GTFO',
 'game_url': 'https://store.steampowered.com/app/493520/GTFO/?snr=1_7_7_topsellers_150_3',
 'img_url': 'https://steamcdn-a.akamaihd.net/steam/apps/493520/capsule_sm_120.jpg?t=1591970606',
 'original_price': '$11.99',
 'platforms': ['platform_img win'],
 'release_date': '9 Dec, 2019',
 'review': 'Very Positive87% of the 12,266 user reviews for this game are '
           'positive.'}
2020-08-03 11:34:37 [scrapy] DEBUG: Scraped from <200 https://store.steampowered.com/search/results/?query&start=100&count=50&dynamic_data=&sort_by=_ASC&snr=1_7_7_topsellers_7&filter=topsellers&infinite=1>
{'discounted_price': 'None',
 'game_name': 'Project Winter',
 'game_url': 'https://store.steampowered.com/app/774861/Project_Winter/?snr=1_7_7_topsellers_150_3',
 'img_url': 'https://steamcdn-a.akamaihd.net/steam/apps/774861/capsule_sm_120.jpg?t=1589388809',
 'original_price': '$8.19',
 'platforms': ['platform_img win'],
 'release_date': '23 May, 2019',
 'review': 'Very Positive85% of the 7,274 user reviews for this game are '
           'positive.'}
2020-08-03 11:34:37 [scrapy] DEBUG: Scraped from <200 https://store.steampowered.com/search/results/?query&start=100&count=50&dynamic_data=&sort_by=_ASC&snr=1_7_7_topsellers_7&filter=topsellers&infinite=1>
{'discounted_price': 'None',
 'game_name': 'Euro Truck Simulator 2',
 'game_url': 'https://store.steampowered.com/app/227300/Euro_Truck_Simulator_2/?snr=1_7_7_topsellers_150_3',
 'img_url': 'https://steamcdn-a.akamaihd.net/steam/apps/227300/capsule_sm_120.jpg?t=1594858901',
 'original_price': '$10.99',
 'platforms': ['platform_img win', 'platform_img mac', 'platform_img linux'],
 'release_date': '12 Oct, 2012',
 'review': 'Overwhelmingly Positive97% of the 243,526 user reviews for this '
           'game are positive.'}
2020-08-03 11:34:37 [scrapy] DEBUG: Scraped from <200 https://store.steampowered.com/search/results/?query&start=100&count=50&dynamic_data=&sort_by=_ASC&snr=1_7_7_topsellers_7&filter=topsellers&infinite=1>
{'discounted_price': 'None',
 'game_name': 'Destiny 2: Shadowkeep',
 'game_url': 'https://store.steampowered.com/app/1090200/Destiny_2_Shadowkeep/?snr=1_7_7_topsellers_150_3',
 'img_url': 'https://steamcdn-a.akamaihd.net/steam/apps/1090200/capsule_sm_120.jpg?t=1583828616',
 'original_price': '$11.99',
 'platforms': ['platform_img win'],
 'release_date': '1 Oct, 2019',
 'review': 'Mixed42% of the 2,211 user reviews for this game are positive.'}
2020-08-03 11:34:37 [scrapy] DEBUG: Scraped from <200 https://store.steampowered.com/search/results/?query&start=100&count=50&dynamic_data=&sort_by=_ASC&snr=1_7_7_topsellers_7&filter=topsellers&infinite=1>
{'discounted_price': '75% $4.99',
 'game_name': 'SPORE™',
 'game_url': 'https://store.steampowered.com/app/17390/SPORE/?snr=1_7_7_topsellers_150_3',
 'img_url': 'https://steamcdn-a.akamaihd.net/steam/apps/17390/capsule_sm_120.jpg?t=1595001670',
 'original_price': '$19.99',
 'platforms': ['platform_img win'],
 'release_date': '19 Dec, 2008',
 'review': 'Very Positive90% of the 24,057 user reviews for this game are '
           'positive.'}
2020-08-03 11:34:37 [scrapy] DEBUG: Scraped from <200 https://store.steampowered.com/search/results/?query&start=100&count=50&dynamic_data=&sort_by=_ASC&snr=1_7_7_topsellers_7&filter=topsellers&infinite=1>
{'discounted_price': '33% $18.75',
 'game_name': 'Farming Simulator 19 - Platinum Edition',
 'game_url': 'https://store.steampowered.com/sub/402482/?snr=1_7_7_topsellers_150_3',
 'img_url': 'https://steamcdn-a.akamaihd.net/steam/subs/402482/capsule_sm_120.jpg?t=1571760671',
 'original_price': '$27.99',
 'platforms': ['platform_img win', 'platform_img mac'],
 'release_date': '22 Oct, 2019',
 'review': 'Very Positive90% of the 23,799 user reviews for games in this '
           'bundle are positive.'}
2020-08-03 11:34:37 [scrapy] DEBUG: Scraped from <200 https://store.steampowered.com/search/results/?query&start=100&count=50&dynamic_data=&sort_by=_ASC&snr=1_7_7_topsellers_7&filter=topsellers&infinite=1>
{'discounted_price': 'None',
 'game_name': 'Monster Hunter World: Iceborne Master Edition Digital Deluxe',
 'game_url': 'https://store.steampowered.com/bundle/13014/Monster_Hunter_World_Iceborne_Master_Edition_Digital_Deluxe/?snr=1_7_7_topsellers_150_3',
 'img_url': 'https://steamcdn-a.akamaihd.net/steam/bundles/13014/sc4es2znuesxmht0/capsule_sm_120.jpg?t=1580431447',
 'original_price': '$69.99',
 'platforms': ['platform_img win'],
 'review': 'Very Positive81% of the 169,447 user reviews for games in this '
           'bundle are positive.'}
2020-08-03 11:34:37 [scrapy] DEBUG: Scraped from <200 https://store.steampowered.com/search/results/?query&start=100&count=50&dynamic_data=&sort_by=_ASC&snr=1_7_7_topsellers_7&filter=topsellers&infinite=1>
{'discounted_price': 'None',
 'game_name': 'Planet Zoo',
 'game_url': 'https://store.steampowered.com/app/703080/Planet_Zoo/?snr=1_7_7_topsellers_150_3',
 'img_url': 'https://steamcdn-a.akamaihd.net/steam/apps/703080/capsule_sm_120.jpg?t=1596186474',
 'original_price': '$43.99',
 'platforms': ['platform_img win'],
 'release_date': '5 Nov, 2019',
 'review': 'Very Positive88% of the 25,933 user reviews for this game are '
           'positive.'}
2020-08-03 11:34:37 [scrapy] DEBUG: Scraped from <200 https://store.steampowered.com/search/results/?query&start=100&count=50&dynamic_data=&sort_by=_ASC&snr=1_7_7_topsellers_7&filter=topsellers&infinite=1>
{'discounted_price': 'None',
 'game_name': 'Titanfall® 2',
 'game_url': 'https://store.steampowered.com/app/1237970/Titanfall_2/?snr=1_7_7_topsellers_150_3',
 'img_url': 'https://steamcdn-a.akamaihd.net/steam/apps/1237970/capsule_sm_120.jpg?t=1593732268',
 'original_price': '$29.99',
 'platforms': ['platform_img win'],
 'release_date': '18 Jun, 2020',
 'review': 'Overwhelmingly Positive95% of the 18,543 user reviews for this '
           'game are positive.'}
2020-08-03 11:34:37 [scrapy] DEBUG: Scraped from <200 https://store.steampowered.com/search/results/?query&start=100&count=50&dynamic_data=&sort_by=_ASC&snr=1_7_7_topsellers_7&filter=topsellers&infinite=1>
{'discounted_price': 'None',
 'game_name': 'Call of Duty®: Black Ops III',
 'game_url': 'https://store.steampowered.com/app/311210/Call_of_Duty_Black_Ops_III/?snr=1_7_7_topsellers_150_3',
 'img_url': 'https://steamcdn-a.akamaihd.net/steam/apps/311210/capsule_sm_120.jpg?t=1595366455',
 'original_price': '$31.99',
 'platforms': ['platform_img win', 'platform_img mac'],
 'release_date': '5 Nov, 2015',
 'review': 'Mostly Positive75% of the 36,283 user reviews for this game are '
           'positive.'}
2020-08-03 11:34:37 [scrapy] DEBUG: Scraped from <200 https://store.steampowered.com/search/results/?query&start=100&count=50&dynamic_data=&sort_by=_ASC&snr=1_7_7_topsellers_7&filter=topsellers&infinite=1>
{'discounted_price': 'None',
 'game_name': 'Battlefield ™ V',
 'game_url': 'https://store.steampowered.com/app/1238810/Battlefield__V/?snr=1_7_7_topsellers_150_3',
 'img_url': 'https://steamcdn-a.akamaihd.net/steam/apps/1238810/capsule_sm_120.jpg?t=1596038104',
 'original_price': '$49.99',
 'platforms': ['platform_img win'],
 'release_date': '11 Jun, 2020',
 'review': 'Mixed61% of the 2,066 user reviews for this game are positive.'}
2020-08-03 11:34:37 [scrapy] DEBUG: Scraped from <200 https://store.steampowered.com/search/results/?query&start=100&count=50&dynamic_data=&sort_by=_ASC&snr=1_7_7_topsellers_7&filter=topsellers&infinite=1>
{'discounted_price': 'None',
 'game_name': 'Need for Speed™ Heat',
 'game_url': 'https://store.steampowered.com/app/1222680/Need_for_Speed_Heat/?snr=1_7_7_topsellers_150_3',
 'img_url': 'https://steamcdn-a.akamaihd.net/steam/apps/1222680/capsule_sm_120.jpg?t=1595694057',
 'original_price': '$69.99',
 'platforms': ['platform_img win'],
 'release_date': '4 Jun, 2020',
 'review': 'Mostly Positive79% of the 5,597 user reviews for this game are '
           'positive.'}
2020-08-03 11:34:37 [scrapy] DEBUG: Scraped from <200 https://store.steampowered.com/search/results/?query&start=100&count=50&dynamic_data=&sort_by=_ASC&snr=1_7_7_topsellers_7&filter=topsellers&infinite=1>
{'discounted_price': 'None',
 'game_name': 'PAYDAY 2: Legacy Collection',
 'game_url': 'https://store.steampowered.com/bundle/3756/PAYDAY_2_Legacy_Collection/?snr=1_7_7_topsellers_150_3',
 'img_url': 'https://steamcdn-a.akamaihd.net/steam/bundles/3756/reabw92hwgdybyeh/capsule_sm_120.jpg?t=1575384702',
 'original_price': '$13.24',
 'platforms': ['platform_img win'],
 'review': 'Very Positive86% of the 297,596 user reviews for games in this '
           'bundle are positive.'}
2020-08-03 11:34:37 [scrapy] DEBUG: Scraped from <200 https://store.steampowered.com/search/results/?query&start=100&count=50&dynamic_data=&sort_by=_ASC&snr=1_7_7_topsellers_7&filter=topsellers&infinite=1>
{'discounted_price': 'None',
 'game_name': 'Hunt: Showdown',
 'game_url': 'https://store.steampowered.com/app/594650/Hunt_Showdown/?snr=1_7_7_topsellers_150_3',
 'img_url': 'https://steamcdn-a.akamaihd.net/steam/apps/594650/capsule_sm_120.jpg?t=1593096516',
 'original_price': '$21.90',
 'platforms': ['platform_img win'],
 'release_date': '27 Aug, 2019',
 'review': 'Very Positive81% of the 49,971 user reviews for this game are '
           'positive.'}
2020-08-03 11:34:37 [scrapy] DEBUG: Scraped from <200 https://store.steampowered.com/search/results/?query&start=100&count=50&dynamic_data=&sort_by=_ASC&snr=1_7_7_topsellers_7&filter=topsellers&infinite=1>
{'discounted_price': 'None',
 'game_name': "Tom Clancy's Rainbow Six® Siege - Year 5 Pass",
 'game_url': 'https://store.steampowered.com/app/1214420/Tom_Clancys_Rainbow_Six_Siege__Year_5_Pass/?snr=1_7_7_topsellers_150_3',
 'img_url': 'https://steamcdn-a.akamaihd.net/steam/apps/1214420/capsule_sm_120.jpg?t=1582634964',
 'original_price': '$18.49',
 'platforms': ['platform_img win'],
 'release_date': '18 Feb, 2020',
 'review': 'Very Positive88% of the 3,347 user reviews for this game are '
           'positive.'}
2020-08-03 11:34:37 [scrapy] DEBUG: Scraped from <200 https://store.steampowered.com/search/results/?query&start=100&count=50&dynamic_data=&sort_by=_ASC&snr=1_7_7_topsellers_7&filter=topsellers&infinite=1>
{'discounted_price': 'None',
 'game_name': 'RimWorld - Royalty',
 'game_url': 'https://store.steampowered.com/app/1149640/RimWorld__Royalty/?snr=1_7_7_topsellers_150_3',
 'img_url': 'https://steamcdn-a.akamaihd.net/steam/apps/1149640/capsule_sm_120.jpg?t=1590622703',
 'original_price': '$8.19',
 'platforms': ['platform_img win', 'platform_img mac', 'platform_img linux'],
 'release_date': '24 Feb, 2020',
 'review': 'Very Positive82% of the 1,105 user reviews for this game are '
           'positive.'}
2020-08-03 11:34:37 [scrapy] DEBUG: Scraped from <200 https://store.steampowered.com/search/results/?query&start=100&count=50&dynamic_data=&sort_by=_ASC&snr=1_7_7_topsellers_7&filter=topsellers&infinite=1>
{'discounted_price': 'None',
 'game_name': 'Subnautica: Below Zero',
 'game_url': 'https://store.steampowered.com/app/848450/Subnautica_Below_Zero/?snr=1_7_7_topsellers_150_3',
 'img_url': 'https://steamcdn-a.akamaihd.net/steam/apps/848450/capsule_sm_120.jpg?t=1572518557',
 'original_price': '$8.19',
 'platforms': ['platform_img win', 'platform_img mac'],
 'release_date': '30 Jan, 2019',
 'review': 'Very Positive93% of the 20,009 user reviews for this game are '
           'positive.'}
2020-08-03 11:34:37 [scrapy] DEBUG: Scraped from <200 https://store.steampowered.com/search/results/?query&start=100&count=50&dynamic_data=&sort_by=_ASC&snr=1_7_7_topsellers_7&filter=topsellers&infinite=1>
{'discounted_price': '85% $13.28',
 'game_name': 'Just Cause 4 Complete Edition',
 'game_url': 'https://store.steampowered.com/bundle/12348/Just_Cause_4_Complete_Edition/?snr=1_7_7_topsellers_150_3',
 'img_url': 'https://steamcdn-a.akamaihd.net/steam/bundles/12348/ycttny7w5u0gvbmb/capsule_sm_120.jpg?t=1573146151',
 'original_price': '$87.90',
 'platforms': ['platform_img win'],
 'review': 'Mixed57% of the 10,783 user reviews for games in this bundle are '
           'positive.'}
2020-08-03 11:34:37 [scrapy] DEBUG: Scraped from <200 https://store.steampowered.com/search/results/?query&start=100&count=50&dynamic_data=&sort_by=_ASC&snr=1_7_7_topsellers_7&filter=topsellers&infinite=1>
{'discounted_price': 'None',
 'game_name': 'The Sims™ 4',
 'game_url': 'https://store.steampowered.com/app/1222670/The_Sims_4/?snr=1_7_7_topsellers_150_3',
 'img_url': 'https://steamcdn-a.akamaihd.net/steam/apps/1222670/capsule_sm_120.jpg?t=1595694779',
 'original_price': '$39.99',
 'platforms': ['platform_img win'],
 'release_date': '18 Jun, 2020',
 'review': 'Very Positive86% of the 1,221 user reviews for this game are '
           'positive.'}
2020-08-03 11:34:37 [scrapy] DEBUG: Scraped from <200 https://store.steampowered.com/search/results/?query&start=100&count=50&dynamic_data=&sort_by=_ASC&snr=1_7_7_topsellers_7&filter=topsellers&infinite=1>
{'discounted_price': 'None',
 'game_name': 'Fallout 4: Game of the Year Edition',
 'game_url': 'https://store.steampowered.com/sub/199943/?snr=1_7_7_topsellers_150_3',
 'img_url': 'https://steamcdn-a.akamaihd.net/steam/subs/199943/capsule_sm_120.jpg?t=1510163765',
 'original_price': '$59.99',
 'platforms': ['platform_img win'],
 'release_date': '10 Nov, 2015',
 'review': 'Mostly Positive75% of the 135,148 user reviews for games in this '
           'bundle are positive.'}
2020-08-03 11:34:37 [scrapy] DEBUG: Scraped from <200 https://store.steampowered.com/search/results/?query&start=100&count=50&dynamic_data=&sort_by=_ASC&snr=1_7_7_topsellers_7&filter=topsellers&infinite=1>
{'discounted_price': 'None',
 'game_name': 'The Warlord package',
 'game_url': 'https://store.steampowered.com/bundle/14146/The_Warlord_package/?snr=1_7_7_topsellers_150_3',
 'img_url': 'https://steamcdn-a.akamaihd.net/steam/bundles/14146/ow9y2em39ueh3rxq/capsule_sm_120.jpg?t=1587030813',
 'original_price': '$46.73',
 'platforms': ['platform_img win'],
 'review': 'Very Positive92% of the 189,804 user reviews for games in this '
           'bundle are positive.'}
2020-08-03 11:34:37 [scrapy] DEBUG: Scraped from <200 https://store.steampowered.com/search/results/?query&start=100&count=50&dynamic_data=&sort_by=_ASC&snr=1_7_7_topsellers_7&filter=topsellers&infinite=1>
{'discounted_price': '40% $3.71',
 'game_name': 'Dead by Daylight - Stranger Things Chapter',
 'game_url': 'https://store.steampowered.com/app/1135280/Dead_by_Daylight__Stranger_Things_Chapter/?snr=1_7_7_topsellers_150_3',
 'img_url': 'https://steamcdn-a.akamaihd.net/steam/apps/1135280/capsule_sm_120.jpg?t=1585947527',
 'original_price': '$6.19',
 'platforms': ['platform_img win'],
 'release_date': '17 Sep, 2019',
 'review': 'Very Positive89% of the 794 user reviews for this game are '
           'positive.'}
2020-08-03 11:34:37 [scrapy] INFO: Closing spider (closespider_itemcount)
2020-08-03 11:34:37 [scrapy] INFO: Dumping Scrapy stats:
{'downloader/request_bytes': 1342,
 'downloader/request_count': 3,
 'downloader/request_method_count/GET': 3,
 'downloader/response_bytes': 19277,
 'downloader/response_count': 3,
 'downloader/response_status_count/200': 3,
 'elapsed_time_seconds': 2.409162,
 'finish_reason': 'closespider_itemcount',
 'finish_time': datetime.datetime(2020, 8, 3, 15, 34, 37, 690965),
 'httpcache/firsthand': 3,
 'httpcache/miss': 3,
 'httpcache/store': 3,
 'item_scraped_count': 100,
 'log_count/DEBUG': 105,
 'log_count/INFO': 7,
 'memusage/max': 51978240,
 'memusage/startup': 51978240,
 'request_depth_max': 2,
 'response_received_count': 3,
 'robotstxt/request_count': 1,
 'robotstxt/response_count': 1,
 'robotstxt/response_status_count/200': 1,
 'scheduler/dequeued': 2,
 'scheduler/dequeued/memory': 2,
 'scheduler/enqueued': 3,
 'scheduler/enqueued/memory': 3,
 'start_time': datetime.datetime(2020, 8, 3, 15, 34, 35, 281803)}
2020-08-03 11:34:37 [scrapy] INFO: Spider closed (closespider_itemcount)
